<?xml version="1.0" encoding="UTF-8"?>
<!-- Generated by org.testng.reporters.JUnitReportReporter -->
<testsuite skipped="0" hostname="Neils-MacBook-Pro.local" name="com.syntax.class01.TestNGDependencies" tests="2" failures="0" timestamp="2020-09-08T10:54:49 PDT" time="0.008" errors="0">
  <testcase name="checkReport" time="0.001" classname="com.syntax.class01.TestNGDependencies"/>
  <system-out/>
  <testcase name="login" time="0.007" classname="com.syntax.class01.TestNGDependencies"/>
  <system-out/>
</testsuite> <!-- com.syntax.class01.TestNGDependencies -->
