<?xml version="1.0" encoding="UTF-8"?>
<!-- Generated by org.testng.reporters.JUnitReportReporter -->
<testsuite skipped="0" hostname="Neils-MacBook-Pro.local" name="com.syntax.class02.HardAssertionExample" tests="3" failures="0" timestamp="2020-09-08T13:19:51 PDT" time="5.300" errors="0">
  <testcase name="titleValidation" time="1.815" classname="com.syntax.class02.HardAssertionExample"/>
  <system-out/>
  <testcase name="loginFormText" time="1.895" classname="com.syntax.class02.HardAssertionExample"/>
  <system-out/>
  <testcase name="logoValidation" time="1.590" classname="com.syntax.class02.HardAssertionExample"/>
  <system-out/>
</testsuite> <!-- com.syntax.class02.HardAssertionExample -->
