<?xml version="1.0" encoding="UTF-8"?>
<!-- Generated by org.testng.reporters.JUnitReportReporter -->
<testsuite skipped="0" hostname="Neils-MacBook-Pro.local" name="com.syntax.class03.GrouptsExample" tests="1" failures="0" timestamp="2020-09-19T09:28:50 PDT" time="2.886" errors="0">
  <testcase name="invalidLogin" time="2.886" classname="com.syntax.class03.GrouptsExample"/>
  <system-out/>
</testsuite> <!-- com.syntax.class03.GrouptsExample -->
