<?xml version="1.0" encoding="UTF-8"?>
<!-- Generated by org.testng.reporters.JUnitReportReporter -->
<testsuite skipped="0" hostname="Neils-MacBook-Pro.local" name="com.syntax.class02.Dependency" tests="2" failures="0" timestamp="2020-09-08T13:19:51 PDT" time="5.848" errors="0">
  <testcase name="invalidLogin" time="1.774" classname="com.syntax.class02.Dependency"/>
  <system-out/>
  <testcase name="validLogin" time="4.074" classname="com.syntax.class02.Dependency"/>
  <system-out/>
</testsuite> <!-- com.syntax.class02.Dependency -->
