<?xml version="1.0" encoding="UTF-8"?>
<!-- Generated by org.testng.reporters.JUnitReportReporter -->
<testsuite skipped="0" hostname="Neils-MacBook-Pro.local" name="com.syntax.class01.TestNGIntro" tests="4" failures="0" timestamp="2020-09-07T15:00:08 PDT" time="0.010" errors="0">
  <testcase name="testThree" time="0.001" classname="com.syntax.class01.TestNGIntro"/>
  <system-out/>
  <testcase name="testFour" time="0.007" classname="com.syntax.class01.TestNGIntro"/>
  <system-out/>
  <testcase name="testTwo" time="0.001" classname="com.syntax.class01.TestNGIntro"/>
  <system-out/>
  <testcase name="testOne" time="0.001" classname="com.syntax.class01.TestNGIntro"/>
  <system-out/>
</testsuite> <!-- com.syntax.class01.TestNGIntro -->
