<?xml version="1.0" encoding="UTF-8"?>
<!-- Generated by org.testng.reporters.JUnitReportReporter -->
<testsuite skipped="1" hostname="Neils-MacBook-Pro.local" name="com.syntax.class01.HrmsTestCases" tests="3" failures="0" timestamp="2020-09-08T10:56:37 PDT" time="7.565" errors="0">
  <testcase name="titleValidation" time="3.024" classname="com.syntax.class01.HrmsTestCases"/>
  <system-out/>
  <testcase name="validation" time="4.541" classname="com.syntax.class01.HrmsTestCases"/>
  <system-out/>
  <testcase name="invalidLogin" classname="com.syntax.class01.HrmsTestCases">
    <skipped/>
  </testcase> <!-- invalidLogin -->
  <system-out/>
</testsuite> <!-- com.syntax.class01.HrmsTestCases -->
