<?xml version="1.0" encoding="UTF-8"?>
<!-- Generated by org.testng.reporters.JUnitReportReporter -->
<testsuite skipped="0" hostname="Neils-MacBook-Pro.local" name="com.syntax.class02.AllAnnotations" tests="1" failures="0" timestamp="2020-09-08T13:19:51 PDT" time="0.004" errors="0">
  <testcase name="testMethod" time="0.004" classname="com.syntax.class02.AllAnnotations"/>
  <system-out/>
</testsuite> <!-- com.syntax.class02.AllAnnotations -->
